\BOOKMARK [0][-]{chapter.1}{Introducci\363}{}% 1
\BOOKMARK [1][-]{section.1.1}{Antecedents}{chapter.1}% 2
\BOOKMARK [1][-]{section.1.2}{Objectiu}{chapter.1}% 3
\BOOKMARK [1][-]{section.1.3}{Abast}{chapter.1}% 4
\BOOKMARK [0][-]{chapter.2}{Caracter\355stiques de l'habitatge}{}% 5
\BOOKMARK [1][-]{section.2.1}{Irradiaci\363}{chapter.2}% 6
\BOOKMARK [1][-]{section.2.2}{Consum energ\350tic}{chapter.2}% 7
\BOOKMARK [0][-]{chapter.3}{Generador fotovoltaic i inversor}{}% 8
\BOOKMARK [1][-]{section.3.1}{Pot\350ncia de la instal\267laci\363 fotovoltaica}{chapter.3}% 9
\BOOKMARK [1][-]{section.3.2}{Panell solar escollit}{chapter.3}% 10
\BOOKMARK [1][-]{section.3.3}{Associaci\363 de plaques}{chapter.3}% 11
\BOOKMARK [1][-]{section.3.4}{Inversor}{chapter.3}% 12
\BOOKMARK [0][-]{chapter.4}{Instal\267laci\363 el\350ctrica}{}% 13
\BOOKMARK [1][-]{section.4.1}{L\355nies el\350ctriques de la instal\267laci\363 fotovoltaica}{chapter.4}% 14
\BOOKMARK [1][-]{section.4.2}{Secci\363 dels conductors}{chapter.4}% 15
\BOOKMARK [1][-]{section.4.3}{Quadre el\350ctric}{chapter.4}% 16
\BOOKMARK [0][-]{chapter.5}{Placa electr\362nica d'adquisici\363 de dades i comunicaci\363}{}% 17
\BOOKMARK [1][-]{section.5.1}{Alimentaci\363}{chapter.5}% 18
\BOOKMARK [1][-]{section.5.2}{Instrumentaci\363}{chapter.5}% 19
\BOOKMARK [1][-]{section.5.3}{Multiplexor}{chapter.5}% 20
\BOOKMARK [1][-]{section.5.4}{Comunicaci\363}{chapter.5}% 21
\BOOKMARK [1][-]{section.5.5}{Circuit impr\350s}{chapter.5}% 22
\BOOKMARK [0][-]{chapter.6}{Programaci\363}{}% 23
\BOOKMARK [1][-]{section.6.1}{Organigrama}{chapter.6}% 24
\BOOKMARK [1][-]{section.6.2}{P\340gina web}{chapter.6}% 25
\BOOKMARK [0][-]{chapter.7}{Resum del pressupost}{}% 26
\BOOKMARK [0][-]{chapter.8}{Conclusi\363}{}% 27
\BOOKMARK [0][-]{chapter.9}{Relaci\363 de documents}{}% 28
\BOOKMARK [0][-]{chapter.10}{Bibliografia}{}% 29
\BOOKMARK [0][-]{chapter.11}{Glossari}{}% 30
\BOOKMARK [0][-]{appendix.A}{C\340lculs}{}% 31
\BOOKMARK [0][-]{appendix.B}{Programa}{}% 32
